[07/18/2022 19:01:35] Debug: Session id: f11fc8eb-6c7f-4cb0-961c-b6c97c66215a
[07/18/2022 19:01:35] Debug: Code Processor information: Name :SnowConvert, Version: 7.9.154.0
[07/18/2022 19:01:36] Debug: Getting license
[07/18/2022 19:01:36] Debug: License information
	Status: Failed
	Message: No active license available.
[07/18/2022 19:01:36] Info: Starting to validate parameters
[07/18/2022 19:01:36] Info: Parameters to validate: 
	Execution mode: Conversion
[07/18/2022 19:01:36] Info: Validation of parameters: Success
[07/18/2022 19:01:36] Debug: Getting code descriptor
[07/18/2022 19:01:36] Debug: Code descriptor information
	Units: 51
	Units type: LOC
	All file bytes: 2141
	All found extensions: .sql,.dml,.ddl,.bteq,.btq,.fl,.fload,.ml,.mload,.mld,.tp,.tpump,.tpt
[07/18/2022 19:01:36] Debug: Calculating fingerprint
[07/18/2022 19:01:36] Debug: Fingerprint information Fingerprint(size=2141,projects=1)
[07/18/2022 19:01:36] Info: Starting to try to validate online license for execution
[07/18/2022 19:01:39] Debug: Getting license
[07/18/2022 19:01:39] Debug: License information
	Status: Failed
	Message: No active license available.
[07/18/2022 19:01:39] Debug: Starting the execution of the controller
[07/18/2022 19:01:39] Debug: Executing the worker: SnowConvert
[07/18/2022 19:01:54] Debug: Finished executing the worker: SnowConvert
[07/18/2022 19:01:56] Info: Controller execution ended
